<?xml version="1.0" encoding="UTF-8"?>
<robot generator="Robot 6.1.1 (Python 3.12.0 on win32)" generated="20231209 20:08:50.242" rpa="false" schemaversion="4">
<suite id="s1" name="Signup" source="C:\QAx\projects\walkdog-robot\tests\signup.robot">
<test id="s1-t1" name="Deve poder cadastrar um novo Dog Walker" line="10">
<kw name="Start Session" library="base" type="SETUP">
<kw name="New Browser" library="Browser">
<arg>browser=${BROWSER}</arg>
<arg>headless=False</arg>
<tag>BrowserControl</tag>
<tag>Setter</tag>
<doc>Create a new playwright Browser with specified options.</doc>
<msg timestamp="20231209 20:08:51.072" level="INFO">{"browser": "firefox", "headless": false, "chromiumSandbox": false, "devtools": false, "handleSIGHUP": true, "handleSIGINT": true, "handleSIGTERM": true, "slowMo": 0.0, "timeout": 30000.0, "tracesDir": "C:\\QAx\\projects\\walkdog-robot\\logs\\browser\\traces\\bafc113a-5898-4ed7-a9ad-5c9b3d69b561"}</msg>
<msg timestamp="20231209 20:08:52.016" level="INFO">Successfully created browser with options: {"browser":"firefox","headless":false,"chromiumSandbox":false,"devtools":false,"handleSIGHUP":true,"handleSIGINT":true,"handleSIGTERM":true,"slowMo":0,"timeout":30000,"tracesDir":"C:\\QAx\\projects\\walkdog-robot\\logs\\browser\\traces\\bafc113a-5898-4ed7-a9ad-5c9b3d69b561"}</msg>
<status status="PASS" starttime="20231209 20:08:51.072" endtime="20231209 20:08:52.016"/>
</kw>
<kw name="New Page" library="Browser">
<arg>https://walkdog.vercel.app</arg>
<tag>BrowserControl</tag>
<tag>Setter</tag>
<doc>Open a new Page.</doc>
<msg timestamp="20231209 20:09:04.002" level="INFO">Successfully initialized new page object and opened url: https://walkdog.vercel.app</msg>
<msg timestamp="20231209 20:09:04.002" level="INFO">No context was open. New context was automatically opened when this page is created.</msg>
<status status="PASS" starttime="20231209 20:08:52.016" endtime="20231209 20:09:04.002"/>
</kw>
<kw name="Wait For Elements State" library="Browser">
<arg>css=h1 &gt;&gt; text=Cuidado e diversão em cada passo</arg>
<arg>visible</arg>
<arg>5</arg>
<tag>PageContent</tag>
<tag>Wait</tag>
<doc>Waits for the element found by ``selector`` to satisfy state option.</doc>
<msg timestamp="20231209 20:09:04.065" level="INFO">Waited for Element with selector css=h1 &gt;&gt; text=Cuidado e diversão em cada passo at state visible</msg>
<status status="PASS" starttime="20231209 20:09:04.002" endtime="20231209 20:09:04.065"/>
</kw>
<status status="PASS" starttime="20231209 20:08:51.072" endtime="20231209 20:09:04.065"/>
</kw>
<kw name="Create Dictionary" library="BuiltIn">
<var>${dog_walker}</var>
<arg>name=Dominic Torreto</arg>
<arg>email=torreto@gmail.com</arg>
<arg>cpf=00000000020</arg>
<arg>cep=14050200</arg>
<arg>number=215</arg>
<arg>details=Apto 00</arg>
<arg>street=Rua Capitão Pereira Lago</arg>
<arg>district=Vila Tibério</arg>
<arg>cityUf=Ribeirão Preto/SP</arg>
<arg>cnh=toretto.jpg</arg>
<doc>Creates and returns a dictionary based on the given ``items``.</doc>
<msg timestamp="20231209 20:09:04.065" level="INFO">${dog_walker} = {'name': 'Dominic Torreto', 'email': 'torreto@gmail.com', 'cpf': '00000000020', 'cep': '14050200', 'number': '215', 'details': 'Apto 00', 'street': 'Rua Capitão Pereira Lago', 'district': 'Vila Tibéri...</msg>
<status status="PASS" starttime="20231209 20:09:04.065" endtime="20231209 20:09:04.065"/>
</kw>
<kw name="Go to signup page" library="signup">
<kw name="Click" library="Browser">
<arg>css=a[href="/signup"]</arg>
<tag>PageContent</tag>
<tag>Setter</tag>
<doc>Simulates mouse click on the element found by ``selector``.</doc>
<status status="PASS" starttime="20231209 20:09:04.065" endtime="20231209 20:09:04.165"/>
</kw>
<kw name="Wait For Elements State" library="Browser">
<arg>form h1</arg>
<arg>visible</arg>
<arg>5000</arg>
<tag>PageContent</tag>
<tag>Wait</tag>
<doc>Waits for the element found by ``selector`` to satisfy state option.</doc>
<msg timestamp="20231209 20:09:04.179" level="INFO">Waited for Element with selector form h1 at state visible</msg>
<status status="PASS" starttime="20231209 20:09:04.165" endtime="20231209 20:09:04.180"/>
</kw>
<kw name="Get Text" library="Browser">
<arg>form h1</arg>
<arg>equal</arg>
<arg>Faça seu cadastro</arg>
<tag>Assertion</tag>
<tag>Getter</tag>
<tag>PageContent</tag>
<doc>Returns text attribute of the element found by ``selector``.</doc>
<msg timestamp="20231209 20:09:04.228" level="INFO">Text: 'Faça seu cadastro'</msg>
<status status="PASS" starttime="20231209 20:09:04.180" endtime="20231209 20:09:04.228"/>
</kw>
<status status="PASS" starttime="20231209 20:09:04.065" endtime="20231209 20:09:04.228"/>
</kw>
<kw name="Fill signup form" library="signup">
<arg>${dog_walker}</arg>
<kw name="Fill Text" library="Browser">
<arg>css=input[name=name]</arg>
<arg>${dog_walker}[name]</arg>
<tag>PageContent</tag>
<tag>Setter</tag>
<doc>Clears and fills the given ``txt`` into the text field found by ``selector``.</doc>
<msg timestamp="20231209 20:09:04.229" level="INFO">Fills the text 'Dominic Torreto' in the given field.</msg>
<status status="PASS" starttime="20231209 20:09:04.229" endtime="20231209 20:09:04.270"/>
</kw>
<kw name="Fill Text" library="Browser">
<arg>css=input[name=email]</arg>
<arg>${dog_walker}[email]</arg>
<tag>PageContent</tag>
<tag>Setter</tag>
<doc>Clears and fills the given ``txt`` into the text field found by ``selector``.</doc>
<msg timestamp="20231209 20:09:04.270" level="INFO">Fills the text 'torreto@gmail.com' in the given field.</msg>
<status status="PASS" starttime="20231209 20:09:04.270" endtime="20231209 20:09:04.310"/>
</kw>
<kw name="Fill Text" library="Browser">
<arg>css=input[name=cpf]</arg>
<arg>${dog_walker}[cpf]</arg>
<tag>PageContent</tag>
<tag>Setter</tag>
<doc>Clears and fills the given ``txt`` into the text field found by ``selector``.</doc>
<msg timestamp="20231209 20:09:04.310" level="INFO">Fills the text '00000000020' in the given field.</msg>
<status status="PASS" starttime="20231209 20:09:04.310" endtime="20231209 20:09:04.341"/>
</kw>
<kw name="Fill Text" library="Browser">
<arg>css=input[name=cep]</arg>
<arg>${dog_walker}[cep]</arg>
<tag>PageContent</tag>
<tag>Setter</tag>
<doc>Clears and fills the given ``txt`` into the text field found by ``selector``.</doc>
<msg timestamp="20231209 20:09:04.341" level="INFO">Fills the text '14050200' in the given field.</msg>
<status status="PASS" starttime="20231209 20:09:04.341" endtime="20231209 20:09:04.393"/>
</kw>
<kw name="Click" library="Browser">
<arg>css=input[value="Buscar CEP"][value$=CEP]</arg>
<tag>PageContent</tag>
<tag>Setter</tag>
<doc>Simulates mouse click on the element found by ``selector``.</doc>
<status status="PASS" starttime="20231209 20:09:04.393" endtime="20231209 20:09:04.448"/>
</kw>
<kw name="Get Property" library="Browser">
<arg>css=input[name="addressStreet"]</arg>
<arg>value</arg>
<arg>equal</arg>
<arg>${dog_walker}[street]</arg>
<tag>Assertion</tag>
<tag>Getter</tag>
<tag>PageContent</tag>
<doc>Returns the ``property`` of the element found by ``selector``.</doc>
<msg timestamp="20231209 20:09:04.995" level="INFO">Property: 'Rua Capitão Pereira Lago'</msg>
<status status="PASS" starttime="20231209 20:09:04.448" endtime="20231209 20:09:04.995"/>
</kw>
<kw name="Get Property" library="Browser">
<arg>css=input[name="addressDistrict"]</arg>
<arg>value</arg>
<arg>equal</arg>
<arg>${dog_walker}[district]</arg>
<tag>Assertion</tag>
<tag>Getter</tag>
<tag>PageContent</tag>
<doc>Returns the ``property`` of the element found by ``selector``.</doc>
<msg timestamp="20231209 20:09:05.010" level="INFO">Property: 'Vila Tibério'</msg>
<status status="PASS" starttime="20231209 20:09:04.996" endtime="20231209 20:09:05.010"/>
</kw>
<kw name="Get Property" library="Browser">
<arg>css=input[name="addressCityUf"]</arg>
<arg>value</arg>
<arg>equal</arg>
<arg>${dog_walker}[cityUf]</arg>
<tag>Assertion</tag>
<tag>Getter</tag>
<tag>PageContent</tag>
<doc>Returns the ``property`` of the element found by ``selector``.</doc>
<msg timestamp="20231209 20:09:05.028" level="INFO">Property: 'Ribeirão Preto/SP'</msg>
<status status="PASS" starttime="20231209 20:09:05.014" endtime="20231209 20:09:05.028"/>
</kw>
<kw name="Fill Text" library="Browser">
<arg>css=input[name="addressNumber"]</arg>
<arg>${dog_walker}[number]</arg>
<tag>PageContent</tag>
<tag>Setter</tag>
<doc>Clears and fills the given ``txt`` into the text field found by ``selector``.</doc>
<msg timestamp="20231209 20:09:05.029" level="INFO">Fills the text '215' in the given field.</msg>
<status status="PASS" starttime="20231209 20:09:05.028" endtime="20231209 20:09:05.057"/>
</kw>
<kw name="Fill Text" library="Browser">
<arg>css=input[name="addressDetails"]</arg>
<arg>${dog_walker}[details]</arg>
<tag>PageContent</tag>
<tag>Setter</tag>
<doc>Clears and fills the given ``txt`` into the text field found by ``selector``.</doc>
<msg timestamp="20231209 20:09:05.058" level="INFO">Fills the text 'Apto 00' in the given field.</msg>
<status status="PASS" starttime="20231209 20:09:05.058" endtime="20231209 20:09:05.093"/>
</kw>
<kw name="Upload File By Selector" library="Browser">
<arg>css=input[type=file]</arg>
<arg>${EXECDIR}/resources/fixtures/${dog_walker}[cnh]</arg>
<tag>PageContent</tag>
<tag>Setter</tag>
<doc>Uploads file from `path` to file input element matched by selector.</doc>
<status status="PASS" starttime="20231209 20:09:05.093" endtime="20231209 20:09:05.126"/>
</kw>
<status status="PASS" starttime="20231209 20:09:04.229" endtime="20231209 20:09:05.126"/>
</kw>
<kw name="Submit signup form" library="signup">
<kw name="Click" library="Browser">
<arg>css=.button-register</arg>
<tag>PageContent</tag>
<tag>Setter</tag>
<doc>Simulates mouse click on the element found by ``selector``.</doc>
<status status="PASS" starttime="20231209 20:09:05.127" endtime="20231209 20:09:05.200"/>
</kw>
<status status="PASS" starttime="20231209 20:09:05.126" endtime="20231209 20:09:05.200"/>
</kw>
<kw name="Popup should be" library="signup">
<arg>Recebemos o seu cadastro e em breve retornaremos o contato.</arg>
<kw name="Wait For Elements State" library="Browser">
<arg>css=.swal2-html-container</arg>
<arg>visible</arg>
<arg>5</arg>
<tag>PageContent</tag>
<tag>Wait</tag>
<doc>Waits for the element found by ``selector`` to satisfy state option.</doc>
<msg timestamp="20231209 20:09:06.591" level="INFO">Waited for Element with selector css=.swal2-html-container at state visible</msg>
<status status="PASS" starttime="20231209 20:09:05.200" endtime="20231209 20:09:06.591"/>
</kw>
<kw name="Get Text" library="Browser">
<arg>css=.swal2-html-container</arg>
<arg>equal</arg>
<arg>Recebemos o seu cadastro e em breve retornaremos o contato.</arg>
<tag>Assertion</tag>
<tag>Getter</tag>
<tag>PageContent</tag>
<doc>Returns text attribute of the element found by ``selector``.</doc>
<msg timestamp="20231209 20:09:06.624" level="INFO">Text: 'Recebemos o seu cadastro e em breve retornaremos o contato.'</msg>
<status status="PASS" starttime="20231209 20:09:06.591" endtime="20231209 20:09:06.624"/>
</kw>
<status status="PASS" starttime="20231209 20:09:05.200" endtime="20231209 20:09:06.625"/>
</kw>
<kw name="Finish Session" library="base" type="TEARDOWN">
<kw name="Take Screenshot" library="Browser">
<arg>fullPage=True</arg>
<tag>PageContent</tag>
<doc>Takes a screenshot of the current window or element and saves it to disk.</doc>
<msg timestamp="20231209 20:09:06.764" level="INFO" html="true">&lt;/td&gt;&lt;/tr&gt;&lt;tr&gt;&lt;td colspan="3"&gt;&lt;a href="browser/screenshot/robotframework-browser-screenshot-1.png" target="_blank"&gt;&lt;img src="browser/screenshot/robotframework-browser-screenshot-1.png" width="800px"/&gt;&lt;/a&gt;</msg>
<status status="PASS" starttime="20231209 20:09:06.626" endtime="20231209 20:09:06.765"/>
</kw>
<status status="PASS" starttime="20231209 20:09:06.626" endtime="20231209 20:09:06.765"/>
</kw>
<tag>smoke</tag>
<status status="PASS" starttime="20231209 20:08:51.072" endtime="20231209 20:09:06.765"/>
</test>
<test id="s1-t2" name="Não deve cadastrar se o cpf for incorreto" line="31">
<kw name="Start Session" library="base" type="SETUP">
<kw name="New Browser" library="Browser">
<arg>browser=${BROWSER}</arg>
<arg>headless=False</arg>
<tag>BrowserControl</tag>
<tag>Setter</tag>
<doc>Create a new playwright Browser with specified options.</doc>
<msg timestamp="20231209 20:09:06.863" level="INFO">Switching browser to browser=d90d6cf0-c36a-4bc5-917b-bf68b5ecd9a1</msg>
<msg timestamp="20231209 20:09:06.868" level="INFO">Successfully changed active browser: browser=d90d6cf0-c36a-4bc5-917b-bf68b5ecd9a1</msg>
<msg timestamp="20231209 20:09:06.868" level="INFO">Reusing existing browser with id: browser=d90d6cf0-c36a-4bc5-917b-bf68b5ecd9a1</msg>
<status status="PASS" starttime="20231209 20:09:06.862" endtime="20231209 20:09:06.868"/>
</kw>
<kw name="New Page" library="Browser">
<arg>https://walkdog.vercel.app</arg>
<tag>BrowserControl</tag>
<tag>Setter</tag>
<doc>Open a new Page.</doc>
<msg timestamp="20231209 20:09:08.462" level="INFO">Successfully initialized new page object and opened url: https://walkdog.vercel.app</msg>
<msg timestamp="20231209 20:09:08.462" level="INFO">No context was open. New context was automatically opened when this page is created.</msg>
<status status="PASS" starttime="20231209 20:09:06.870" endtime="20231209 20:09:08.462"/>
</kw>
<kw name="Wait For Elements State" library="Browser">
<arg>css=h1 &gt;&gt; text=Cuidado e diversão em cada passo</arg>
<arg>visible</arg>
<arg>5</arg>
<tag>PageContent</tag>
<tag>Wait</tag>
<doc>Waits for the element found by ``selector`` to satisfy state option.</doc>
<msg timestamp="20231209 20:09:08.519" level="INFO">Waited for Element with selector css=h1 &gt;&gt; text=Cuidado e diversão em cada passo at state visible</msg>
<status status="PASS" starttime="20231209 20:09:08.462" endtime="20231209 20:09:08.519"/>
</kw>
<status status="PASS" starttime="20231209 20:09:06.861" endtime="20231209 20:09:08.519"/>
</kw>
<kw name="Create Dictionary" library="BuiltIn">
<var>${dog_walker}</var>
<arg>name=Dominic Torreto</arg>
<arg>email=torreto@gmail.com</arg>
<arg>cpf=0000000002a</arg>
<arg>cep=14050200</arg>
<arg>number=215</arg>
<arg>details=Apto 00</arg>
<arg>street=Rua Capitão Pereira Lago</arg>
<arg>district=Vila Tibério</arg>
<arg>cityUf=Ribeirão Preto/SP</arg>
<arg>cnh=toretto.jpg</arg>
<doc>Creates and returns a dictionary based on the given ``items``.</doc>
<msg timestamp="20231209 20:09:08.520" level="INFO">${dog_walker} = {'name': 'Dominic Torreto', 'email': 'torreto@gmail.com', 'cpf': '0000000002a', 'cep': '14050200', 'number': '215', 'details': 'Apto 00', 'street': 'Rua Capitão Pereira Lago', 'district': 'Vila Tibéri...</msg>
<status status="PASS" starttime="20231209 20:09:08.520" endtime="20231209 20:09:08.520"/>
</kw>
<kw name="Go to signup page" library="signup">
<kw name="Click" library="Browser">
<arg>css=a[href="/signup"]</arg>
<tag>PageContent</tag>
<tag>Setter</tag>
<doc>Simulates mouse click on the element found by ``selector``.</doc>
<status status="PASS" starttime="20231209 20:09:08.521" endtime="20231209 20:09:08.695"/>
</kw>
<kw name="Wait For Elements State" library="Browser">
<arg>form h1</arg>
<arg>visible</arg>
<arg>5000</arg>
<tag>PageContent</tag>
<tag>Wait</tag>
<doc>Waits for the element found by ``selector`` to satisfy state option.</doc>
<msg timestamp="20231209 20:09:08.716" level="INFO">Waited for Element with selector form h1 at state visible</msg>
<status status="PASS" starttime="20231209 20:09:08.695" endtime="20231209 20:09:08.716"/>
</kw>
<kw name="Get Text" library="Browser">
<arg>form h1</arg>
<arg>equal</arg>
<arg>Faça seu cadastro</arg>
<tag>Assertion</tag>
<tag>Getter</tag>
<tag>PageContent</tag>
<doc>Returns text attribute of the element found by ``selector``.</doc>
<msg timestamp="20231209 20:09:08.782" level="INFO">Text: 'Faça seu cadastro'</msg>
<status status="PASS" starttime="20231209 20:09:08.716" endtime="20231209 20:09:08.782"/>
</kw>
<status status="PASS" starttime="20231209 20:09:08.521" endtime="20231209 20:09:08.783"/>
</kw>
<kw name="Fill signup form" library="signup">
<arg>${dog_walker}</arg>
<kw name="Fill Text" library="Browser">
<arg>css=input[name=name]</arg>
<arg>${dog_walker}[name]</arg>
<tag>PageContent</tag>
<tag>Setter</tag>
<doc>Clears and fills the given ``txt`` into the text field found by ``selector``.</doc>
<msg timestamp="20231209 20:09:08.785" level="INFO">Fills the text 'Dominic Torreto' in the given field.</msg>
<status status="PASS" starttime="20231209 20:09:08.784" endtime="20231209 20:09:08.838"/>
</kw>
<kw name="Fill Text" library="Browser">
<arg>css=input[name=email]</arg>
<arg>${dog_walker}[email]</arg>
<tag>PageContent</tag>
<tag>Setter</tag>
<doc>Clears and fills the given ``txt`` into the text field found by ``selector``.</doc>
<msg timestamp="20231209 20:09:08.838" level="INFO">Fills the text 'torreto@gmail.com' in the given field.</msg>
<status status="PASS" starttime="20231209 20:09:08.838" endtime="20231209 20:09:08.896"/>
</kw>
<kw name="Fill Text" library="Browser">
<arg>css=input[name=cpf]</arg>
<arg>${dog_walker}[cpf]</arg>
<tag>PageContent</tag>
<tag>Setter</tag>
<doc>Clears and fills the given ``txt`` into the text field found by ``selector``.</doc>
<msg timestamp="20231209 20:09:08.896" level="INFO">Fills the text '0000000002a' in the given field.</msg>
<status status="PASS" starttime="20231209 20:09:08.896" endtime="20231209 20:09:08.940"/>
</kw>
<kw name="Fill Text" library="Browser">
<arg>css=input[name=cep]</arg>
<arg>${dog_walker}[cep]</arg>
<tag>PageContent</tag>
<tag>Setter</tag>
<doc>Clears and fills the given ``txt`` into the text field found by ``selector``.</doc>
<msg timestamp="20231209 20:09:08.940" level="INFO">Fills the text '14050200' in the given field.</msg>
<status status="PASS" starttime="20231209 20:09:08.940" endtime="20231209 20:09:08.982"/>
</kw>
<kw name="Click" library="Browser">
<arg>css=input[value="Buscar CEP"][value$=CEP]</arg>
<tag>PageContent</tag>
<tag>Setter</tag>
<doc>Simulates mouse click on the element found by ``selector``.</doc>
<status status="PASS" starttime="20231209 20:09:08.982" endtime="20231209 20:09:09.056"/>
</kw>
<kw name="Get Property" library="Browser">
<arg>css=input[name="addressStreet"]</arg>
<arg>value</arg>
<arg>equal</arg>
<arg>${dog_walker}[street]</arg>
<tag>Assertion</tag>
<tag>Getter</tag>
<tag>PageContent</tag>
<doc>Returns the ``property`` of the element found by ``selector``.</doc>
<msg timestamp="20231209 20:09:09.526" level="INFO">Property: 'Rua Capitão Pereira Lago'</msg>
<status status="PASS" starttime="20231209 20:09:09.056" endtime="20231209 20:09:09.526"/>
</kw>
<kw name="Get Property" library="Browser">
<arg>css=input[name="addressDistrict"]</arg>
<arg>value</arg>
<arg>equal</arg>
<arg>${dog_walker}[district]</arg>
<tag>Assertion</tag>
<tag>Getter</tag>
<tag>PageContent</tag>
<doc>Returns the ``property`` of the element found by ``selector``.</doc>
<msg timestamp="20231209 20:09:09.540" level="INFO">Property: 'Vila Tibério'</msg>
<status status="PASS" starttime="20231209 20:09:09.527" endtime="20231209 20:09:09.540"/>
</kw>
<kw name="Get Property" library="Browser">
<arg>css=input[name="addressCityUf"]</arg>
<arg>value</arg>
<arg>equal</arg>
<arg>${dog_walker}[cityUf]</arg>
<tag>Assertion</tag>
<tag>Getter</tag>
<tag>PageContent</tag>
<doc>Returns the ``property`` of the element found by ``selector``.</doc>
<msg timestamp="20231209 20:09:09.563" level="INFO">Property: 'Ribeirão Preto/SP'</msg>
<status status="PASS" starttime="20231209 20:09:09.540" endtime="20231209 20:09:09.563"/>
</kw>
<kw name="Fill Text" library="Browser">
<arg>css=input[name="addressNumber"]</arg>
<arg>${dog_walker}[number]</arg>
<tag>PageContent</tag>
<tag>Setter</tag>
<doc>Clears and fills the given ``txt`` into the text field found by ``selector``.</doc>
<msg timestamp="20231209 20:09:09.563" level="INFO">Fills the text '215' in the given field.</msg>
<status status="PASS" starttime="20231209 20:09:09.563" endtime="20231209 20:09:09.592"/>
</kw>
<kw name="Fill Text" library="Browser">
<arg>css=input[name="addressDetails"]</arg>
<arg>${dog_walker}[details]</arg>
<tag>PageContent</tag>
<tag>Setter</tag>
<doc>Clears and fills the given ``txt`` into the text field found by ``selector``.</doc>
<msg timestamp="20231209 20:09:09.592" level="INFO">Fills the text 'Apto 00' in the given field.</msg>
<status status="PASS" starttime="20231209 20:09:09.592" endtime="20231209 20:09:09.628"/>
</kw>
<kw name="Upload File By Selector" library="Browser">
<arg>css=input[type=file]</arg>
<arg>${EXECDIR}/resources/fixtures/${dog_walker}[cnh]</arg>
<tag>PageContent</tag>
<tag>Setter</tag>
<doc>Uploads file from `path` to file input element matched by selector.</doc>
<status status="PASS" starttime="20231209 20:09:09.629" endtime="20231209 20:09:09.664"/>
</kw>
<status status="PASS" starttime="20231209 20:09:08.784" endtime="20231209 20:09:09.664"/>
</kw>
<kw name="Submit signup form" library="signup">
<kw name="Click" library="Browser">
<arg>css=.button-register</arg>
<tag>PageContent</tag>
<tag>Setter</tag>
<doc>Simulates mouse click on the element found by ``selector``.</doc>
<status status="PASS" starttime="20231209 20:09:09.664" endtime="20231209 20:09:09.757"/>
</kw>
<status status="PASS" starttime="20231209 20:09:09.664" endtime="20231209 20:09:09.757"/>
</kw>
<kw name="Alert should be" library="signup">
<arg>CPF inválido</arg>
<kw name="Wait For Elements State" library="Browser">
<arg>css=.alert-error &gt;&gt; text=${expected_text}</arg>
<arg>visible</arg>
<arg>5</arg>
<tag>PageContent</tag>
<tag>Wait</tag>
<doc>Waits for the element found by ``selector`` to satisfy state option.</doc>
<msg timestamp="20231209 20:09:09.769" level="INFO">Waited for Element with selector css=.alert-error &gt;&gt; text=CPF inválido at state visible</msg>
<status status="PASS" starttime="20231209 20:09:09.758" endtime="20231209 20:09:09.769"/>
</kw>
<status status="PASS" starttime="20231209 20:09:09.757" endtime="20231209 20:09:09.769"/>
</kw>
<kw name="Finish Session" library="base" type="TEARDOWN">
<kw name="Take Screenshot" library="Browser">
<arg>fullPage=True</arg>
<tag>PageContent</tag>
<doc>Takes a screenshot of the current window or element and saves it to disk.</doc>
<msg timestamp="20231209 20:09:09.900" level="INFO" html="true">&lt;/td&gt;&lt;/tr&gt;&lt;tr&gt;&lt;td colspan="3"&gt;&lt;a href="browser/screenshot/robotframework-browser-screenshot-2.png" target="_blank"&gt;&lt;img src="browser/screenshot/robotframework-browser-screenshot-2.png" width="800px"/&gt;&lt;/a&gt;</msg>
<status status="PASS" starttime="20231209 20:09:09.770" endtime="20231209 20:09:09.900"/>
</kw>
<status status="PASS" starttime="20231209 20:09:09.770" endtime="20231209 20:09:09.900"/>
</kw>
<tag>cpf_inv</tag>
<status status="PASS" starttime="20231209 20:09:06.854" endtime="20231209 20:09:09.900"/>
</test>
<test id="s1-t3" name=" Não deve poder cadastrar se os campos obrigatórios não forem preenchidos." line="51">
<kw name="Start Session" library="base" type="SETUP">
<kw name="New Browser" library="Browser">
<arg>browser=${BROWSER}</arg>
<arg>headless=False</arg>
<tag>BrowserControl</tag>
<tag>Setter</tag>
<doc>Create a new playwright Browser with specified options.</doc>
<msg timestamp="20231209 20:09:09.972" level="INFO">Switching browser to browser=d90d6cf0-c36a-4bc5-917b-bf68b5ecd9a1</msg>
<msg timestamp="20231209 20:09:09.972" level="INFO">Successfully changed active browser: browser=d90d6cf0-c36a-4bc5-917b-bf68b5ecd9a1</msg>
<msg timestamp="20231209 20:09:09.972" level="INFO">Reusing existing browser with id: browser=d90d6cf0-c36a-4bc5-917b-bf68b5ecd9a1</msg>
<status status="PASS" starttime="20231209 20:09:09.970" endtime="20231209 20:09:09.972"/>
</kw>
<kw name="New Page" library="Browser">
<arg>https://walkdog.vercel.app</arg>
<tag>BrowserControl</tag>
<tag>